<?xml version="1.0" encoding="UTF-8"?>
<testsuites name="APITest" tests="5" time="13.212">
  <testsuite name="GetNearestPharmacy" id="4be573fe-c608-474e-ba25-0379ac04c34d" timestamp="2023-12-22T23:23:15.734Z" tests="3" failures="0" errors="0" time="12.815">
    <testcase name="Status code is 200" time="12.815" classname="ApiTest"/>
    <testcase name="Verify name is Farmacia Alicia y Carlos Rios Artiles 1" time="12.815" classname="ApiTest"/>
    <testcase name="Verify pharmacy id" time="12.815" classname="ApiTest"/>
  </testsuite>
  <testsuite name="GetPharmacysError" id="ebc81886-07f1-4331-a64a-825cf58a9741" timestamp="2023-12-22T23:23:15.734Z" tests="2" failures="0" errors="0" time="0.162">
    <testcase name="Status code is 400" time="0.162" classname="ApiTest"/>
    <testcase name="Verify response body is message error'" time="0.162" classname="ApiTest"/>
  </testsuite>
  <testsuite name="GetPharmacysOk" id="b8ee2af5-8b27-4acd-a67f-ac800da1a8cd" timestamp="2023-12-22T23:23:15.734Z" tests="5" failures="0" errors="0" time="0.049">
    <testcase name="Status code is 200" time="0.049" classname="ApiTest"/>
    <testcase name="Verify name is Farmacia Alicia y Carlos Rios Artiles 1" time="0.049" classname="ApiTest"/>
    <testcase name="Verify pharmacy id" time="0.049" classname="ApiTest"/>
    <testcase name="Verify pharmacy latitue" time="0.049" classname="ApiTest"/>
  </testsuite>
  <testsuite name="AddPharmacyOk" id="a77aadde-ba3d-4f07-9690-2b3c82a1c38a" timestamp="2023-12-22T23:23:15.734Z" tests="2" failures="0" errors="0" time="0.162">
    <testcase name="Status code is 200" time="0.162" classname="ApiTest"/>
    <testcase name="Verify name is Farmacia Nueva para test unitario" time="0.162" classname="ApiTest"/>
  </testsuite>
  <testsuite name="AdPharmacyError" id="dcf74f2d-ca80-48c4-b6c6-32b48019fd13" timestamp="2023-12-22T23:23:15.734Z" tests="2" failures="0" errors="0" time="0.024">
    <testcase name="Status code is 400" time="0.024" classname="ApiTest"/>
    <testcase name="Verify response body is message error'" time="0.024" classname="ApiTest"/>
  </testsuite>
</testsuites>